0	1-9700000-9720000:4973:fwd
1	2-9700000-9720000:13061:rev
2	3-9700000-9720000:16702:fwd
3	4-9700000-9720000:676:rev
4	5-9700000-9720000:16289:rev
5	6-9700000-9720000:12112:rev
6	7-9700000-9720000:9024:fwd
7	8-9700000-9720000:4141:fwd
8	9-9700000-9720000:4657:rev
9	10-9700000-9720000:7799:rev
10	11-9700000-9720000:8180:fwd
11	12-9700000-9720000:5064:rev
12	13-9700000-9720000:1832:rev
13	14-9700000-9720000:4138:rev
14	15-9700000-9720000:2861:rev
15	16-9700000-9720000:11668:rev
16	17-9700000-9720000:17234:fwd
17	18-9700000-9720000:14080:fwd
18	19-9700000-9720000:3955:fwd
19	20-9700000-9720000:13320:rev
20	21-9700000-9720000:13338:fwd
21	22-9700000-9720000:14075:fwd
22	23-9700000-9720000:3810:rev
23	24-9700000-9720000:5947:rev
24	25-9700000-9720000:11002:fwd
25	26-9700000-9720000:3341:fwd
26	27-9700000-9720000:4237:rev
27	28-9700000-9720000:2375:rev
28	29-9700000-9720000:6704:fwd
29	30-9700000-9720000:14681:rev
30	31-9700000-9720000:11570:rev
31	32-9700000-9720000:8092:fwd
32	33-9700000-9720000:10776:rev
33	34-9700000-9720000:19200:fwd
34	35-9700000-9720000:10396:rev
35	36-9700000-9720000:104:fwd
36	37-9700000-9720000:19389:fwd
37	38-9700000-9720000:4665:rev
38	39-9700000-9720000:12603:fwd
39	40-9700000-9720000:975:fwd
40	41-9700000-9720000:15299:rev
41	42-9700000-9720000:7733:fwd
42	43-9700000-9720000:13420:rev
43	44-9700000-9720000:1211:fwd
44	45-9700000-9720000:699:fwd
45	46-9700000-9720000:16341:rev
46	47-9700000-9720000:11880:fwd
47	48-9700000-9720000:8092:fwd
48	49-9700000-9720000:5011:rev
49	50-9700000-9720000:16806:rev
50	51-9700000-9720000:812:rev
51	52-9700000-9720000:10180:fwd
52	53-9700000-9720000:8625:fwd
53	54-9700000-9720000:12455:fwd
54	55-9700000-9720000:13483:fwd
55	56-9700000-9720000:9900:rev
56	57-9700000-9720000:16551:rev
57	58-9700000-9720000:13396:rev
58	59-9700000-9720000:7218:rev
59	60-9700000-9720000:10441:rev
60	61-9700000-9720000:4977:rev
61	62-9700000-9720000:14819:rev
62	63-9700000-9720000:15653:rev
63	64-9700000-9720000:18685:rev
64	65-9700000-9720000:9211:fwd
65	66-9700000-9720000:10560:fwd
66	67-9700000-9720000:5366:fwd
67	68-9700000-9720000:17402:fwd
68	69-9700000-9720000:6116:rev
69	70-9700000-9720000:8133:rev
70	71-9700000-9720000:9003:fwd
71	72-9700000-9720000:17591:fwd
72	73-9700000-9720000:2031:fwd
73	74-9700000-9720000:9385:fwd
74	75-9700000-9720000:15687:fwd
75	76-9700000-9720000:12992:fwd
76	77-9700000-9720000:17451:fwd
77	78-9700000-9720000:8459:rev
78	79-9700000-9720000:13378:fwd
79	80-9700000-9720000:1528:fwd
80	81-9700000-9720000:3101:rev
81	82-9700000-9720000:12118:fwd
82	83-9700000-9720000:2471:rev
83	84-9700000-9720000:14824:fwd
84	85-9700000-9720000:13952:fwd
85	86-9700000-9720000:3892:rev
86	87-9700000-9720000:2168:rev
87	88-9700000-9720000:13943:fwd
88	89-9700000-9720000:4868:rev
89	90-9700000-9720000:10414:fwd
90	91-9700000-9720000:15382:fwd
91	92-9700000-9720000:19366:fwd
92	93-9700000-9720000:1736:fwd
93	94-9700000-9720000:16493:fwd
94	95-9700000-9720000:13337:fwd
95	96-9700000-9720000:3165:rev
96	97-9700000-9720000:17576:rev
97	98-9700000-9720000:12336:fwd
98	99-9700000-9720000:17265:fwd
99	100-9700000-9720000:4598:rev
100	101-9700000-9720000:19634:rev
101	102-9700000-9720000:5648:rev
102	103-9700000-9720000:16392:rev
103	104-9700000-9720000:2055:fwd
104	105-9700000-9720000:1806:rev
105	106-9700000-9720000:18672:rev
106	107-9700000-9720000:896:rev
107	108-9700000-9720000:18132:rev
108	109-9700000-9720000:19255:fwd
109	110-9700000-9720000:15187:fwd
110	111-9700000-9720000:14270:fwd
111	112-9700000-9720000:11:fwd
112	113-9700000-9720000:6887:fwd
113	114-9700000-9720000:6633:rev
114	115-9700000-9720000:10899:rev
115	116-9700000-9720000:13229:fwd
116	117-9700000-9720000:18628:rev
117	118-9700000-9720000:12279:fwd
118	119-9700000-9720000:4594:fwd
119	120-9700000-9720000:11421:rev
120	121-9700000-9720000:10234:fwd
121	122-9700000-9720000:16431:fwd
122	123-9700000-9720000:16794:fwd
123	124-9700000-9720000:18965:fwd
124	125-9700000-9720000:14678:fwd
125	126-9700000-9720000:11667:fwd
126	128-9700000-9720000:16543:rev
127	129-9700000-9720000:17503:rev
128	130-9700000-9720000:6829:rev
129	131-9700000-9720000:8263:rev
130	132-9700000-9720000:10147:fwd
131	133-9700000-9720000:6343:fwd
132	134-9700000-9720000:19538:rev
133	135-9700000-9720000:11732:fwd
134	136-9700000-9720000:10381:fwd
135	137-9700000-9720000:14847:fwd
136	138-9700000-9720000:13913:fwd
137	139-9700000-9720000:16896:fwd
138	140-9700000-9720000:11214:fwd
139	141-9700000-9720000:6663:rev
140	142-9700000-9720000:18956:rev
141	143-9700000-9720000:19456:rev
142	144-9700000-9720000:15613:fwd
143	145-9700000-9720000:9863:fwd
144	146-9700000-9720000:17244:fwd
145	147-9700000-9720000:9381:rev
146	148-9700000-9720000:5508:rev
147	149-9700000-9720000:17474:rev
148	150-9700000-9720000:8469:fwd
149	151-9700000-9720000:19474:fwd
150	152-9700000-9720000:10830:rev
151	153-9700000-9720000:11686:fwd
152	154-9700000-9720000:18559:rev
153	155-9700000-9720000:4717:fwd
154	156-9700000-9720000:2131:fwd
155	157-9700000-9720000:18049:rev
156	158-9700000-9720000:2975:fwd
157	159-9700000-9720000:2813:rev
158	160-9700000-9720000:8036:rev
159	161-9700000-9720000:4195:fwd
160	162-9700000-9720000:856:fwd
161	163-9700000-9720000:10724:fwd
162	164-9700000-9720000:19002:rev
163	165-9700000-9720000:11820:rev
164	166-9700000-9720000:5091:rev
165	167-9700000-9720000:2295:rev
166	168-9700000-9720000:4050:rev
167	169-9700000-9720000:18986:fwd
168	170-9700000-9720000:226:fwd
169	171-9700000-9720000:16911:fwd
170	172-9700000-9720000:16999:rev
171	173-9700000-9720000:6759:rev
172	174-9700000-9720000:1566:rev
173	175-9700000-9720000:9195:rev
174	176-9700000-9720000:14785:fwd
175	177-9700000-9720000:15550:fwd
176	178-9700000-9720000:19163:rev
177	179-9700000-9720000:16980:fwd
178	180-9700000-9720000:16787:rev
179	181-9700000-9720000:2656:rev
180	182-9700000-9720000:5790:rev
181	183-9700000-9720000:3256:rev
182	184-9700000-9720000:14032:fwd
183	185-9700000-9720000:7355:rev
184	186-9700000-9720000:8806:rev
185	187-9700000-9720000:4647:rev
186	188-9700000-9720000:4790:rev
187	189-9700000-9720000:9781:rev
188	190-9700000-9720000:8973:rev
189	191-9700000-9720000:11060:fwd
190	192-9700000-9720000:17068:rev
191	193-9700000-9720000:1049:rev
192	194-9700000-9720000:14272:fwd
193	195-9700000-9720000:14156:rev
194	196-9700000-9720000:12544:fwd
195	197-9700000-9720000:10181:rev
196	198-9700000-9720000:5149:rev
197	199-9700000-9720000:13726:fwd
198	200-9700000-9720000:10965:fwd
199	201-9700000-9720000:19431:rev
200	202-9700000-9720000:11166:rev
201	203-9700000-9720000:8434:rev
202	204-9700000-9720000:17823:rev
203	205-9700000-9720000:2146:rev
204	206-9700000-9720000:12315:rev
205	207-9700000-9720000:12765:fwd
206	208-9700000-9720000:16864:fwd
207	209-9700000-9720000:6018:fwd
208	210-9700000-9720000:575:rev
209	211-9700000-9720000:6307:fwd
210	212-9700000-9720000:14533:rev
211	213-9700000-9720000:3410:fwd
212	214-9700000-9720000:596:fwd
213	215-9700000-9720000:6000:fwd
214	216-9700000-9720000:8538:fwd
215	217-9700000-9720000:343:fwd
216	218-9700000-9720000:7649:fwd
217	219-9700000-9720000:1936:rev
218	220-9700000-9720000:7650:fwd
219	221-9700000-9720000:15466:fwd
220	222-9700000-9720000:5517:rev
221	223-9700000-9720000:6661:fwd
222	224-9700000-9720000:4344:rev
223	225-9700000-9720000:10224:rev
224	226-9700000-9720000:17137:fwd
225	227-9700000-9720000:16031:rev
226	228-9700000-9720000:11192:fwd
227	229-9700000-9720000:9579:rev
228	230-9700000-9720000:1234:fwd
229	231-9700000-9720000:15365:fwd
230	232-9700000-9720000:9125:rev
231	233-9700000-9720000:13970:fwd
232	234-9700000-9720000:4415:fwd
233	235-9700000-9720000:17671:fwd
234	236-9700000-9720000:7461:rev
235	237-9700000-9720000:12393:fwd
236	238-9700000-9720000:10985:rev
237	239-9700000-9720000:4850:rev
238	240-9700000-9720000:10212:fwd
239	241-9700000-9720000:1387:fwd
240	242-9700000-9720000:11775:fwd
241	243-9700000-9720000:11770:rev
242	244-9700000-9720000:8668:rev
243	245-9700000-9720000:5596:rev
244	246-9700000-9720000:15578:rev
245	247-9700000-9720000:2488:fwd
246	248-9700000-9720000:11578:rev
247	249-9700000-9720000:15149:fwd
248	250-9700000-9720000:14303:rev
249	251-9700000-9720000:1470:fwd
250	252-9700000-9720000:11190:fwd
251	253-9700000-9720000:19625:fwd
252	254-9700000-9720000:14564:rev
253	255-9700000-9720000:6407:rev
254	256-9700000-9720000:2564:rev
255	257-9700000-9720000:18962:fwd
256	258-9700000-9720000:7152:rev
257	259-9700000-9720000:11748:rev
258	260-9700000-9720000:10158:rev
259	261-9700000-9720000:3041:fwd
260	262-9700000-9720000:8725:fwd
261	263-9700000-9720000:19078:rev
262	264-9700000-9720000:5061:fwd
263	265-9700000-9720000:4912:fwd
264	266-9700000-9720000:9792:fwd
265	267-9700000-9720000:383:rev
266	268-9700000-9720000:19263:rev
267	269-9700000-9720000:5148:rev
268	270-9700000-9720000:13438:rev
269	271-9700000-9720000:9221:rev
270	272-9700000-9720000:16558:fwd
271	273-9700000-9720000:12759:fwd
272	274-9700000-9720000:14529:fwd
273	275-9700000-9720000:3563:rev
274	276-9700000-9720000:10777:rev
275	277-9700000-9720000:11791:fwd
276	278-9700000-9720000:15454:rev
277	279-9700000-9720000:777:rev
278	280-9700000-9720000:10392:rev
279	281-9700000-9720000:12992:rev
280	282-9700000-9720000:16579:fwd
281	283-9700000-9720000:14046:rev
282	284-9700000-9720000:7604:rev
283	285-9700000-9720000:19516:fwd
284	286-9700000-9720000:9963:fwd
285	287-9700000-9720000:4386:fwd
286	288-9700000-9720000:7715:rev
287	289-9700000-9720000:13908:rev
288	290-9700000-9720000:345:fwd
289	291-9700000-9720000:9166:rev
290	292-9700000-9720000:4739:rev
291	293-9700000-9720000:8839:fwd
292	294-9700000-9720000:14558:fwd
293	295-9700000-9720000:1980:rev
294	296-9700000-9720000:9839:rev
295	297-9700000-9720000:2643:fwd
296	298-9700000-9720000:19877:rev
297	299-9700000-9720000:9083:rev
298	300-9700000-9720000:17514:fwd
299	301-9700000-9720000:4620:fwd
300	302-9700000-9720000:12301:fwd
301	303-9700000-9720000:9886:rev
302	304-9700000-9720000:5408:fwd
303	305-9700000-9720000:6950:fwd
304	306-9700000-9720000:14928:fwd
305	307-9700000-9720000:9979:fwd
306	308-9700000-9720000:11646:rev
307	309-9700000-9720000:8664:fwd
308	310-9700000-9720000:567:rev
309	311-9700000-9720000:12008:fwd
310	312-9700000-9720000:17653:rev
311	313-9700000-9720000:14128:rev
312	314-9700000-9720000:5343:rev
313	315-9700000-9720000:18870:rev
314	316-9700000-9720000:8245:rev
315	317-9700000-9720000:8064:rev
316	318-9700000-9720000:19771:rev
317	319-9700000-9720000:18082:fwd
318	320-9700000-9720000:6012:rev
319	321-9700000-9720000:9149:rev
320	322-9700000-9720000:2229:fwd
321	323-9700000-9720000:11853:rev
322	324-9700000-9720000:1016:rev
323	325-9700000-9720000:13647:fwd
324	326-9700000-9720000:9543:fwd
325	327-9700000-9720000:6122:fwd
326	328-9700000-9720000:6760:rev
327	329-9700000-9720000:5578:fwd
328	330-9700000-9720000:5647:rev
329	331-9700000-9720000:5773:rev
330	332-9700000-9720000:10172:rev
331	333-9700000-9720000:18332:fwd
332	334-9700000-9720000:7780:fwd
333	335-9700000-9720000:514:fwd
334	336-9700000-9720000:2030:fwd
335	337-9700000-9720000:14678:fwd
336	338-9700000-9720000:7287:rev
337	339-9700000-9720000:17747:rev
338	340-9700000-9720000:8082:rev
339	341-9700000-9720000:18503:fwd
340	342-9700000-9720000:2176:fwd
341	343-9700000-9720000:18089:fwd
342	344-9700000-9720000:14450:fwd
343	345-9700000-9720000:17346:rev
344	346-9700000-9720000:13505:rev
345	347-9700000-9720000:6038:rev
346	348-9700000-9720000:2117:fwd
347	349-9700000-9720000:18127:fwd
348	350-9700000-9720000:11884:rev
349	351-9700000-9720000:11083:rev
350	352-9700000-9720000:7246:fwd
351	353-9700000-9720000:1024:fwd
352	354-9700000-9720000:5799:rev
353	355-9700000-9720000:4643:fwd
354	356-9700000-9720000:19225:fwd
355	357-9700000-9720000:11703:rev
356	358-9700000-9720000:6414:rev
357	359-9700000-9720000:17371:rev
358	360-9700000-9720000:18701:fwd
359	361-9700000-9720000:17656:fwd
360	362-9700000-9720000:8963:rev
361	363-9700000-9720000:18093:fwd
362	364-9700000-9720000:8646:fwd
363	365-9700000-9720000:586:fwd
364	366-9700000-9720000:11129:fwd
365	367-9700000-9720000:3167:fwd
366	368-9700000-9720000:3081:fwd
367	369-9700000-9720000:19344:rev
368	370-9700000-9720000:11849:fwd
369	371-9700000-9720000:15025:fwd
370	372-9700000-9720000:3532:fwd
371	373-9700000-9720000:9425:rev
372	374-9700000-9720000:12040:fwd
373	375-9700000-9720000:6064:rev
374	376-9700000-9720000:4419:rev
375	377-9700000-9720000:12691:fwd
376	378-9700000-9720000:16413:rev
377	379-9700000-9720000:320:fwd
378	380-9700000-9720000:2288:fwd
379	381-9700000-9720000:2905:fwd
380	382-9700000-9720000:12205:rev
381	383-9700000-9720000:4472:fwd
382	384-9700000-9720000:7819:fwd
383	385-9700000-9720000:11421:rev
384	386-9700000-9720000:97:fwd
385	387-9700000-9720000:19441:fwd
386	388-9700000-9720000:10861:rev
387	389-9700000-9720000:7801:fwd
388	390-9700000-9720000:12123:rev
389	391-9700000-9720000:6796:fwd
390	392-9700000-9720000:8732:rev
391	393-9700000-9720000:10065:rev
392	394-9700000-9720000:7939:fwd
393	395-9700000-9720000:2306:rev
394	396-9700000-9720000:17354:rev
395	397-9700000-9720000:2767:fwd
396	398-9700000-9720000:19399:rev
397	399-9700000-9720000:10726:fwd
398	400-9700000-9720000:10751:rev
399	401-9700000-9720000:1725:fwd
400	402-9700000-9720000:15045:fwd
401	403-9700000-9720000:10914:fwd
402	404-9700000-9720000:14888:fwd
403	405-9700000-9720000:18647:fwd
404	406-9700000-9720000:764:rev
405	407-9700000-9720000:6042:fwd
406	408-9700000-9720000:15381:rev
407	409-9700000-9720000:7929:rev
408	410-9700000-9720000:9345:rev
409	411-9700000-9720000:10128:rev
410	412-9700000-9720000:10966:fwd
411	413-9700000-9720000:10590:fwd
412	414-9700000-9720000:8306:rev
413	415-9700000-9720000:13881:rev
414	416-9700000-9720000:3021:fwd
415	417-9700000-9720000:12751:fwd
416	418-9700000-9720000:5688:fwd
417	419-9700000-9720000:484:rev
418	420-9700000-9720000:10835:fwd
419	421-9700000-9720000:6682:rev
420	422-9700000-9720000:14764:rev
421	423-9700000-9720000:264:rev
422	424-9700000-9720000:16874:rev
423	425-9700000-9720000:14646:rev
424	426-9700000-9720000:16263:fwd
425	427-9700000-9720000:3345:fwd
426	428-9700000-9720000:5202:rev
427	429-9700000-9720000:16854:rev
428	430-9700000-9720000:9261:rev
429	431-9700000-9720000:5362:rev
430	432-9700000-9720000:2344:fwd
431	433-9700000-9720000:10529:fwd
432	434-9700000-9720000:12790:fwd
433	435-9700000-9720000:10373:fwd
434	436-9700000-9720000:19433:rev
435	437-9700000-9720000:935:fwd
436	438-9700000-9720000:6375:rev
437	439-9700000-9720000:13680:fwd
438	440-9700000-9720000:19589:rev
439	441-9700000-9720000:13374:fwd
440	442-9700000-9720000:2151:rev
441	443-9700000-9720000:14294:fwd
442	444-9700000-9720000:19576:fwd
443	445-9700000-9720000:12891:fwd
444	446-9700000-9720000:12241:fwd
445	447-9700000-9720000:3669:fwd
446	448-9700000-9720000:11694:rev
447	449-9700000-9720000:3528:fwd
448	450-9700000-9720000:701:rev
449	451-9700000-9720000:10742:rev
450	452-9700000-9720000:10548:rev
451	453-9700000-9720000:6736:fwd
452	454-9700000-9720000:706:fwd
453	455-9700000-9720000:19116:fwd
454	456-9700000-9720000:9884:fwd
455	457-9700000-9720000:17888:fwd
456	458-9700000-9720000:3643:rev
457	459-9700000-9720000:954:rev
458	460-9700000-9720000:1048:fwd
459	461-9700000-9720000:3998:fwd
460	462-9700000-9720000:14216:rev
461	463-9700000-9720000:11112:fwd
462	464-9700000-9720000:18506:rev
463	465-9700000-9720000:276:rev
464	466-9700000-9720000:9644:rev
465	467-9700000-9720000:11841:rev
466	468-9700000-9720000:3871:fwd
467	469-9700000-9720000:16594:rev
468	470-9700000-9720000:16373:fwd
469	471-9700000-9720000:8389:fwd
470	472-9700000-9720000:16790:fwd
471	473-9700000-9720000:14430:rev
472	474-9700000-9720000:18687:fwd
473	475-9700000-9720000:8323:fwd
474	476-9700000-9720000:7785:rev
475	477-9700000-9720000:4383:rev
476	478-9700000-9720000:4130:rev
477	479-9700000-9720000:11553:fwd
478	480-9700000-9720000:9221:fwd
479	481-9700000-9720000:2606:fwd
480	482-9700000-9720000:15969:rev
481	483-9700000-9720000:17530:fwd
482	484-9700000-9720000:4707:rev
483	485-9700000-9720000:9390:rev
484	486-9700000-9720000:15815:rev
485	487-9700000-9720000:755:rev
486	488-9700000-9720000:5833:fwd
487	489-9700000-9720000:18503:rev
488	490-9700000-9720000:5981:rev
489	491-9700000-9720000:6873:fwd
490	492-9700000-9720000:16641:fwd
491	493-9700000-9720000:3902:rev
492	494-9700000-9720000:6629:fwd
493	495-9700000-9720000:16271:rev
494	496-9700000-9720000:18671:rev
495	497-9700000-9720000:11210:fwd
496	498-9700000-9720000:19989:rev
497	499-9700000-9720000:10068:rev
498	500-9700000-9720000:11789:rev
499	501-9700000-9720000:3054:fwd
500	502-9700000-9720000:8801:rev
501	503-9700000-9720000:4717:rev
502	504-9700000-9720000:16992:rev
503	505-9700000-9720000:5072:rev
504	506-9700000-9720000:14478:rev
505	507-9700000-9720000:10708:rev
506	508-9700000-9720000:16499:rev
507	509-9700000-9720000:9218:rev
508	510-9700000-9720000:11652:rev
509	511-9700000-9720000:7748:rev
510	512-9700000-9720000:13259:rev
511	513-9700000-9720000:14466:rev
512	514-9700000-9720000:5921:rev
513	515-9700000-9720000:6854:rev
514	516-9700000-9720000:7065:fwd
515	517-9700000-9720000:8108:rev
516	518-9700000-9720000:10539:rev
517	519-9700000-9720000:5600:rev
518	520-9700000-9720000:18456:rev
519	521-9700000-9720000:3213:rev
520	522-9700000-9720000:7433:fwd
521	523-9700000-9720000:8345:rev
522	524-9700000-9720000:19374:rev
523	525-9700000-9720000:4502:rev
524	526-9700000-9720000:15523:rev
525	527-9700000-9720000:9947:fwd
526	528-9700000-9720000:13595:fwd
527	529-9700000-9720000:12941:fwd
528	530-9700000-9720000:10279:rev
529	531-9700000-9720000:3198:rev
530	532-9700000-9720000:17263:rev
531	533-9700000-9720000:13189:rev
532	534-9700000-9720000:1728:fwd
533	535-9700000-9720000:2137:rev
534	536-9700000-9720000:11758:fwd
535	537-9700000-9720000:1435:fwd
536	538-9700000-9720000:460:rev
537	539-9700000-9720000:11451:fwd
538	540-9700000-9720000:15650:fwd
539	541-9700000-9720000:18392:fwd
540	542-9700000-9720000:7820:fwd
541	543-9700000-9720000:6913:fwd
542	544-9700000-9720000:10386:rev
543	545-9700000-9720000:11453:rev
544	546-9700000-9720000:9379:rev
545	547-9700000-9720000:6469:fwd
546	548-9700000-9720000:14320:fwd
547	549-9700000-9720000:1780:fwd
548	550-9700000-9720000:9169:rev
549	551-9700000-9720000:13482:fwd
550	552-9700000-9720000:3762:fwd
551	553-9700000-9720000:12533:rev
552	554-9700000-9720000:2665:rev
553	555-9700000-9720000:17243:fwd
554	556-9700000-9720000:19167:rev
555	557-9700000-9720000:14112:fwd
556	558-9700000-9720000:18471:rev
557	559-9700000-9720000:6578:rev
558	560-9700000-9720000:15887:rev
559	561-9700000-9720000:468:rev
560	562-9700000-9720000:16233:fwd
561	563-9700000-9720000:12588:rev
562	564-9700000-9720000:8871:rev
563	565-9700000-9720000:16540:rev
564	566-9700000-9720000:11442:rev
565	567-9700000-9720000:13420:fwd
566	568-9700000-9720000:8889:fwd
567	569-9700000-9720000:9483:rev
568	570-9700000-9720000:12911:rev
569	571-9700000-9720000:5321:fwd
570	572-9700000-9720000:2482:fwd
571	573-9700000-9720000:12998:fwd
572	574-9700000-9720000:12322:fwd
573	575-9700000-9720000:13783:fwd
574	576-9700000-9720000:12990:rev
575	577-9700000-9720000:4807:rev
576	578-9700000-9720000:2168:rev
577	579-9700000-9720000:17134:rev
578	580-9700000-9720000:5477:rev
579	581-9700000-9720000:12659:fwd
580	582-9700000-9720000:1008:rev
581	583-9700000-9720000:6636:fwd
582	584-9700000-9720000:6522:fwd
583	585-9700000-9720000:4595:rev
584	586-9700000-9720000:6690:fwd
585	587-9700000-9720000:5833:rev
586	588-9700000-9720000:13798:fwd
587	589-9700000-9720000:17975:rev
588	590-9700000-9720000:15614:rev
589	591-9700000-9720000:15297:rev
590	592-9700000-9720000:12460:fwd
591	593-9700000-9720000:3692:fwd
592	594-9700000-9720000:895:fwd
593	595-9700000-9720000:920:rev
594	596-9700000-9720000:14112:fwd
595	597-9700000-9720000:18985:fwd
596	598-9700000-9720000:18207:fwd
597	599-9700000-9720000:17412:fwd
598	600-9700000-9720000:13380:fwd
599	601-9700000-9720000:16039:fwd
600	602-9700000-9720000:7100:fwd
601	603-9700000-9720000:7798:rev
602	604-9700000-9720000:9586:fwd
603	605-9700000-9720000:18870:fwd
604	606-9700000-9720000:17822:fwd
605	607-9700000-9720000:8332:rev
606	608-9700000-9720000:7804:rev
607	609-9700000-9720000:1065:fwd
608	610-9700000-9720000:11812:rev
609	611-9700000-9720000:8483:rev
610	612-9700000-9720000:10189:rev
611	613-9700000-9720000:10983:rev
612	614-9700000-9720000:3368:rev
613	615-9700000-9720000:17224:rev
614	616-9700000-9720000:3487:fwd
615	617-9700000-9720000:6361:rev
616	618-9700000-9720000:19318:fwd
617	619-9700000-9720000:1182:rev
618	620-9700000-9720000:1322:fwd
619	621-9700000-9720000:7926:fwd
620	622-9700000-9720000:16407:fwd
621	623-9700000-9720000:13483:fwd
622	624-9700000-9720000:5532:rev
623	625-9700000-9720000:11592:rev
624	626-9700000-9720000:6203:rev
625	627-9700000-9720000:10230:rev
626	628-9700000-9720000:19593:fwd
627	629-9700000-9720000:12974:rev
628	630-9700000-9720000:7517:fwd
629	631-9700000-9720000:16675:fwd
630	632-9700000-9720000:14378:fwd
631	633-9700000-9720000:14630:fwd
632	634-9700000-9720000:438:rev
633	635-9700000-9720000:2207:rev
634	636-9700000-9720000:8769:fwd
635	637-9700000-9720000:16947:fwd
636	638-9700000-9720000:14409:rev
637	639-9700000-9720000:15601:rev
638	640-9700000-9720000:10417:rev
639	641-9700000-9720000:8153:fwd
640	642-9700000-9720000:12419:rev
641	643-9700000-9720000:12701:rev
642	644-9700000-9720000:12580:rev
643	645-9700000-9720000:1151:rev
644	646-9700000-9720000:3895:fwd
645	647-9700000-9720000:16438:fwd
646	648-9700000-9720000:8751:rev
647	649-9700000-9720000:17292:fwd
648	650-9700000-9720000:12329:fwd
649	651-9700000-9720000:10438:fwd
650	652-9700000-9720000:18822:rev
651	653-9700000-9720000:8207:fwd
652	654-9700000-9720000:1580:rev
653	655-9700000-9720000:9494:rev
654	656-9700000-9720000:8650:fwd
655	657-9700000-9720000:19077:fwd
656	658-9700000-9720000:9222:rev
657	659-9700000-9720000:5820:rev
658	660-9700000-9720000:11240:fwd
659	661-9700000-9720000:1144:rev
660	662-9700000-9720000:19291:rev
661	663-9700000-9720000:2053:rev
662	664-9700000-9720000:5734:fwd
663	665-9700000-9720000:4310:fwd
664	666-9700000-9720000:8957:rev
665	667-9700000-9720000:15515:rev
666	668-9700000-9720000:14402:rev
667	669-9700000-9720000:17811:rev
668	670-9700000-9720000:19232:rev
669	671-9700000-9720000:6217:fwd
670	672-9700000-9720000:19948:rev
671	673-9700000-9720000:16521:rev
672	674-9700000-9720000:1429:fwd
673	675-9700000-9720000:9099:rev
674	676-9700000-9720000:10262:fwd
675	677-9700000-9720000:6334:fwd
676	678-9700000-9720000:4978:fwd
677	679-9700000-9720000:5025:fwd
678	680-9700000-9720000:16648:rev
679	681-9700000-9720000:17242:rev
680	682-9700000-9720000:546:rev
681	683-9700000-9720000:2979:rev
682	684-9700000-9720000:6895:fwd
683	685-9700000-9720000:1000:fwd
684	686-9700000-9720000:9918:fwd
685	687-9700000-9720000:3212:fwd
686	688-9700000-9720000:8208:fwd
687	689-9700000-9720000:18298:rev
688	690-9700000-9720000:8559:rev
689	691-9700000-9720000:7448:rev
690	692-9700000-9720000:19706:fwd
691	693-9700000-9720000:13475:fwd
692	694-9700000-9720000:15860:fwd
693	695-9700000-9720000:6001:fwd
694	696-9700000-9720000:13477:fwd
695	697-9700000-9720000:1091:rev
696	698-9700000-9720000:6377:rev
697	699-9700000-9720000:12721:rev
698	700-9700000-9720000:4189:rev
699	701-9700000-9720000:18445:fwd
700	702-9700000-9720000:3249:rev
701	703-9700000-9720000:5159:fwd
702	704-9700000-9720000:11505:fwd
703	705-9700000-9720000:16203:fwd
704	706-9700000-9720000:6430:rev
705	707-9700000-9720000:11525:fwd
706	708-9700000-9720000:6237:rev
707	709-9700000-9720000:7639:rev
708	710-9700000-9720000:6946:rev
709	711-9700000-9720000:14488:rev
710	712-9700000-9720000:18512:rev
711	713-9700000-9720000:5877:rev
712	714-9700000-9720000:18304:fwd
713	715-9700000-9720000:13492:fwd
714	716-9700000-9720000:13848:rev
715	717-9700000-9720000:8138:fwd
716	718-9700000-9720000:19845:rev
717	719-9700000-9720000:11496:rev
718	720-9700000-9720000:4252:fwd
719	721-9700000-9720000:17886:fwd
720	722-9700000-9720000:19289:fwd
721	723-9700000-9720000:10017:fwd
722	724-9700000-9720000:11983:rev
723	725-9700000-9720000:10310:rev
724	726-9700000-9720000:10922:rev
725	727-9700000-9720000:17850:rev
726	728-9700000-9720000:4689:rev
727	730-9700000-9720000:10913:rev
728	731-9700000-9720000:13497:rev
729	732-9700000-9720000:13175:rev
730	733-9700000-9720000:6470:rev
731	734-9700000-9720000:16330:fwd
732	735-9700000-9720000:16054:fwd
733	736-9700000-9720000:17846:fwd
734	737-9700000-9720000:17019:rev
735	738-9700000-9720000:19220:fwd
736	739-9700000-9720000:16465:fwd
737	740-9700000-9720000:8223:fwd
738	741-9700000-9720000:4374:rev
739	742-9700000-9720000:16682:rev
740	743-9700000-9720000:12573:rev
741	744-9700000-9720000:3234:fwd
742	745-9700000-9720000:7173:fwd
743	746-9700000-9720000:13501:fwd
744	747-9700000-9720000:7372:fwd
745	748-9700000-9720000:17307:fwd
746	749-9700000-9720000:18609:rev
747	750-9700000-9720000:6320:rev
748	751-9700000-9720000:14284:rev
749	752-9700000-9720000:9053:fwd
750	753-9700000-9720000:4360:rev
751	754-9700000-9720000:3765:rev
752	755-9700000-9720000:15191:rev
753	756-9700000-9720000:15437:rev
754	757-9700000-9720000:17379:rev
755	758-9700000-9720000:11325:fwd
756	759-9700000-9720000:8718:rev
757	760-9700000-9720000:6941:fwd
758	761-9700000-9720000:8265:rev
759	762-9700000-9720000:17015:rev
760	763-9700000-9720000:14422:rev
761	764-9700000-9720000:14611:fwd
762	765-9700000-9720000:3717:fwd
763	766-9700000-9720000:13236:rev
764	767-9700000-9720000:12178:fwd
765	768-9700000-9720000:18590:rev
766	769-9700000-9720000:16963:fwd
767	770-9700000-9720000:17866:fwd
768	771-9700000-9720000:10110:fwd
769	772-9700000-9720000:3123:rev
770	773-9700000-9720000:12644:fwd
771	774-9700000-9720000:12571:rev
772	775-9700000-9720000:8770:fwd
773	776-9700000-9720000:15729:fwd
774	777-9700000-9720000:4982:fwd
775	778-9700000-9720000:12353:rev
776	779-9700000-9720000:9289:rev
777	780-9700000-9720000:4505:rev
778	781-9700000-9720000:14144:fwd
779	782-9700000-9720000:7089:fwd
780	783-9700000-9720000:804:rev
781	784-9700000-9720000:13293:fwd
782	785-9700000-9720000:18225:rev
783	786-9700000-9720000:2354:rev
784	787-9700000-9720000:15716:fwd
785	788-9700000-9720000:6839:fwd
786	789-9700000-9720000:10266:fwd
787	790-9700000-9720000:8429:fwd
788	791-9700000-9720000:13846:fwd
789	792-9700000-9720000:15557:rev
790	793-9700000-9720000:19932:rev
791	794-9700000-9720000:16426:rev
792	796-9700000-9720000:1307:fwd
793	797-9700000-9720000:12930:rev
794	798-9700000-9720000:3209:rev
795	799-9700000-9720000:2261:rev
796	800-9700000-9720000:9919:rev
