   SW   perc perc perc  query     position in query     matching   repeat           position in repeat
score   div. del. ins.  sequence  begin end    (left)   repeat     class/family   begin  end    (left)  ID

 4440   30.7  0.9  7.0  302          38   780 (19221) + Hovi2      DNA/hAT-hobo      545   1245 (1725)   1  
  207    0.0  0.0  0.0  302         781   803 (19198) + (CATTT)n   Simple_repeat       2     24    (0)   2  
 4440   30.7  0.9  7.0  302         804  2050 (17951) + Hovi2      DNA/hAT-hobo     1246   2421  (549)   1  
  271   24.4  3.0  5.3  302        2386  2519 (17482) + (CATATA)n  Simple_repeat       2    132    (0)   3  
  284   18.2  3.0  1.5  302        2735  2801 (17200) + hAT-2_DSe  DNA/hAT-Ac          1     68 (2500)   4  
  452   34.4  4.1  4.1  302        3091  3435 (16566) + Homo8      DNA/hAT-Ac        689   1033 (1768)   5  
   25   16.7  0.0  0.0  302        3474  3533 (16468) + AT_rich    Low_complexity      1     60    (0)   6  
  382   18.0  3.3  1.1  302        3539  3628 (16373) + Hoana6     DNA/hAT-Ac       2503   2594    (0)   7  
  452   34.4  4.1  4.1  302        3876  4220 (15781) + Homo8      DNA/hAT-Ac        689   1033 (1768)   8  
   26   19.8  0.0  0.0  302        4431  4526 (15475) + AT_rich    Low_complexity      1     96    (0)   9  
  382   18.0  3.3  1.1  302        4532  4621 (15380) + Hoana6     DNA/hAT-Ac       2503   2594    (0)  10  
  233   31.2  0.7  6.6  302        4670  4813 (15188) + (TATG)n    Simple_repeat       1    136    (0)  11  
  261   25.0  1.3  1.3  302        4980  5056 (14945) + (CATA)n    Simple_repeat       2     78    (0)  12  
  253   22.8  0.0  4.5  302        5131  5199 (14802) + (CATA)n    Simple_repeat       3     68    (0)  13  
  225   16.4 17.9  0.0  302        5392  5458 (14543) C Galileo_DM DNA/P          (1126)   4863   4785  14  
  206   11.6  0.0  2.3  302        5980  6023 (13978) + (TTTTC)n   Simple_repeat       2     44    (0)  15  
   21    0.0  0.0  0.0  302        7481  7501 (12500) + AT_rich    Low_complexity      1     21    (0)  16  
   23    0.0  0.0  0.0  302        8094  8116 (11885) + AT_rich    Low_complexity      1     23    (0)  17  
   24    6.7  0.0  0.0  302        8200  8244 (11757) + AT_rich    Low_complexity      1     45    (0)  18 *
   28    4.8  0.0  0.0  302        8210  8251 (11750) + AT_rich    Low_complexity      1     42    (0)  19  
   25    0.0  0.0  0.0  302        8598  8622 (11379) + AT_rich    Low_complexity      1     25    (0)  20  
  237   13.9  0.0  0.0  302        8648  8690 (11311) + (TATG)n    Simple_repeat       2     44    (0)  21  
   23    0.0  0.0  0.0  302        8947  8969 (11032) + AT_rich    Low_complexity      1     23    (0)  22  
  263   26.2  0.0  4.8  302        9026  9113 (10888) + (TATATG)n  Simple_repeat       6     89    (0)  23  
  230   19.9  2.1 18.8  302        9031  9123 (10878) C Galileo_DM DNA/P          (1188)   4801   4722  14 *
   22    5.6  0.0  0.0  302       11780 11815  (8186) + AT_rich    Low_complexity      1     36    (0)  24  
   31    2.6  0.0  0.0  302       13240 13277  (6724) + AT_rich    Low_complexity      1     38    (0)  25  
  210   11.8  0.0  0.0  302       16317 16350  (3651) + (CATA)n    Simple_repeat       2     35    (0)  26  
  234    0.0  0.0  0.0  302       16623 16648  (3353) + (T)n       Simple_repeat       1     26    (0)  27  
   23    0.0  0.0  0.0  302       17131 17153  (2848) + AT_rich    Low_complexity      1     23    (0)  28  
  227   23.9  4.5  0.0  302       17908 17974  (2027) + (CATA)n    Simple_repeat       1     70    (0)  29  
  225   11.0  4.8  2.3  302       18458 18541  (1460) + (TTATA)n   Simple_repeat       5     90    (0)  30  
   31   10.7  0.0  0.0  302       18598 18719  (1282) + AT_rich    Low_complexity      1    122    (0)  31  
