SHARED_ID	b8b0b0e85d5f9f4cc0543b86c3b3f067	
CTL_OPTIONS	genome_gff	
CTL_OPTIONS	other_gff	
CTL_OPTIONS	est	
CTL_OPTIONS	est_reads	
CTL_OPTIONS	altest	
CTL_OPTIONS	est_gff	
CTL_OPTIONS	altest_gff	
CTL_OPTIONS	protein	/home/genomica/Programs/maker/data/dmel-all-translation-r5.48.fasta
CTL_OPTIONS	protein_gff	
CTL_OPTIONS	model_org	Drosophila
CTL_OPTIONS	repeat_protein	te_proteins.fasta
CTL_OPTIONS	rmlib	
CTL_OPTIONS	rm_gff	
CTL_OPTIONS	organism_type	eukaryotic
CTL_OPTIONS	predictor	augustus,snap
CTL_OPTIONS	est2genome	0
CTL_OPTIONS	snaphmm	/home/genomica/Programs/maker/exe/snap/HMM/fly
CTL_OPTIONS	gmhmm	
CTL_OPTIONS	augustus_species	fly
CTL_OPTIONS	fgenesh_par_file	
CTL_OPTIONS	model_gff	
CTL_OPTIONS	pred_gff	
CTL_OPTIONS	max_dna_len	100000
CTL_OPTIONS	split_hit	10000
CTL_OPTIONS	pred_flank	200
CTL_OPTIONS	min_protein	0
CTL_OPTIONS	AED_threshold	1
CTL_OPTIONS	single_exon	0
CTL_OPTIONS	single_length	250
CTL_OPTIONS	keep_preds	0
CTL_OPTIONS	map_forward	0
CTL_OPTIONS	est_forward	0
CTL_OPTIONS	alt_splice	0
CTL_OPTIONS	always_complete	0
CTL_OPTIONS	alt_peptide	C
CTL_OPTIONS	evaluate	0
CTL_OPTIONS	blast_type	ncbi+
CTL_OPTIONS	softmask	1
CTL_OPTIONS	pcov_blastn	0.8
CTL_OPTIONS	pid_blastn	0.85
CTL_OPTIONS	eval_blastn	1e-10
CTL_OPTIONS	bit_blastn	40
CTL_OPTIONS	pcov_rm_blastx	0.5
CTL_OPTIONS	pid_rm_blastx	0.4
CTL_OPTIONS	eval_rm_blastx	1e-06
CTL_OPTIONS	bit_rm_blastx	30
CTL_OPTIONS	pcov_blastx	0.5
CTL_OPTIONS	pid_blastx	0.4
CTL_OPTIONS	eval_blastx	1e-06
CTL_OPTIONS	bit_blastx	30
CTL_OPTIONS	pcov_tblastx	0.8
CTL_OPTIONS	pid_tblastx	0.85
CTL_OPTIONS	eval_tblastx	1e-10
CTL_OPTIONS	bit_tblastx	40
CTL_OPTIONS	ep_score_limit	20
CTL_OPTIONS	en_score_limit	20
CTL_OPTIONS	enable_fathom	0
CTL_OPTIONS	unmask	0
CTL_OPTIONS	model_pass	0
CTL_OPTIONS	est_pass	0
CTL_OPTIONS	altest_pass	0
CTL_OPTIONS	protein_pass	0
CTL_OPTIONS	rm_pass	0
CTL_OPTIONS	other_pass	0
CTL_OPTIONS	pred_pass	0
CTL_OPTIONS	run	augustus,snap
STARTED	302.maker.output/302_datastore/57/7B/302//theVoid.302/302.0.Drosophila.rb.out	
FINISHED	302.maker.output/302_datastore/57/7B/302//theVoid.302/302.0.Drosophila.rb.out	
STARTED	302.maker.output/302_datastore/57/7B/302//theVoid.302/302.0.te_proteins%2Efasta.repeatrunner	
FINISHED	302.maker.output/302_datastore/57/7B/302//theVoid.302/302.0.te_proteins%2Efasta.repeatrunner	
STARTED	302.maker.output/302_datastore/57/7B/302//theVoid.302/302.masked.all.fly.snap	
FINISHED	302.maker.output/302_datastore/57/7B/302//theVoid.302/302.masked.all.fly.snap	
STARTED	302.maker.output/302_datastore/57/7B/302//theVoid.302/302.masked.all.fly.augustus	
FINISHED	302.maker.output/302_datastore/57/7B/302//theVoid.302/302.masked.all.fly.augustus	
STARTED	302.maker.output/302_datastore/57/7B/302//theVoid.302/302.0.dmel-all-translation-r5%2E48%2Efasta.blastx	
FINISHED	302.maker.output/302_datastore/57/7B/302//theVoid.302/302.0.dmel-all-translation-r5%2E48%2Efasta.blastx	
STARTED	302.maker.output/302_datastore/57/7B/302//theVoid.302/302.5918-7661.FBpp0085720.p_exonerate	
FINISHED	302.maker.output/302_datastore/57/7B/302//theVoid.302/302.5918-7661.FBpp0085720.p_exonerate	
STARTED	302.maker.output/302_datastore/57/7B/302//theVoid.302/302.15329-16085.FBpp0081151.p_exonerate	
FINISHED	302.maker.output/302_datastore/57/7B/302//theVoid.302/302.15329-16085.FBpp0081151.p_exonerate	
STARTED	302.maker.output/302_datastore/57/7B/302//theVoid.302/302.5915-7661.FBpp0081153.p_exonerate	
FINISHED	302.maker.output/302_datastore/57/7B/302//theVoid.302/302.5915-7661.FBpp0081153.p_exonerate	
STARTED	302.maker.output/302_datastore/57/7B/302//theVoid.302/302.15329-16085.FBpp0306729.p_exonerate	
FINISHED	302.maker.output/302_datastore/57/7B/302//theVoid.302/302.15329-16085.FBpp0306729.p_exonerate	
STARTED	302.maker.output/302_datastore/57/7B/302//theVoid.302/302.5915-7661.FBpp0081565.p_exonerate	
FINISHED	302.maker.output/302_datastore/57/7B/302//theVoid.302/302.5915-7661.FBpp0081565.p_exonerate	
STARTED	302.maker.output/302_datastore/57/7B/302//theVoid.302/302.13565-14364.FBpp0079958.p_exonerate	
FINISHED	302.maker.output/302_datastore/57/7B/302//theVoid.302/302.13565-14364.FBpp0079958.p_exonerate	
STARTED	302.maker.output/302_datastore/57/7B/302//theVoid.302/302.11270-12532.FBpp0081152.p_exonerate	
FINISHED	302.maker.output/302_datastore/57/7B/302//theVoid.302/302.11270-12532.FBpp0081152.p_exonerate	
STARTED	302.maker.output/302_datastore/57/7B/302//theVoid.302/302.9083-11472.FBpp0081154.p_exonerate	
FINISHED	302.maker.output/302_datastore/57/7B/302//theVoid.302/302.9083-11472.FBpp0081154.p_exonerate	
STARTED	302.maker.output/302_datastore/57/7B/302//theVoid.302/302.13565-14364.FBpp0300957.p_exonerate	
FINISHED	302.maker.output/302_datastore/57/7B/302//theVoid.302/302.13565-14364.FBpp0300957.p_exonerate	
STARTED	302.maker.output/302_datastore/57/7B/302//theVoid.302/302.5915-7661.FBpp0081062.p_exonerate	
FINISHED	302.maker.output/302_datastore/57/7B/302//theVoid.302/302.5915-7661.FBpp0081062.p_exonerate	
STARTED	302.maker.output/302_datastore/57/7B/302//theVoid.302/302.5930-7661.FBpp0076122.p_exonerate	
FINISHED	302.maker.output/302_datastore/57/7B/302//theVoid.302/302.5930-7661.FBpp0076122.p_exonerate	
STARTED	302.maker.output/302_datastore/57/7B/302//theVoid.302/302.9212-11472.FBpp0081155.p_exonerate	
FINISHED	302.maker.output/302_datastore/57/7B/302//theVoid.302/302.9212-11472.FBpp0081155.p_exonerate	
STARTED	302.maker.output/302_datastore/57/7B/302//theVoid.302/302.13565-14364.FBpp0300958.p_exonerate	
FINISHED	302.maker.output/302_datastore/57/7B/302//theVoid.302/302.13565-14364.FBpp0300958.p_exonerate	
STARTED	302.maker.output/302_datastore/57/7B/302//theVoid.302/302.12496-14569.FBpp0081156.p_exonerate	
FINISHED	302.maker.output/302_datastore/57/7B/302//theVoid.302/302.12496-14569.FBpp0081156.p_exonerate	
STARTED	302.maker.output/302_datastore/57/7B/302//theVoid.302/302.9083-11472.FBpp0305518.p_exonerate	
FINISHED	302.maker.output/302_datastore/57/7B/302//theVoid.302/302.9083-11472.FBpp0305518.p_exonerate	
STARTED	302.maker.output/302_datastore/57/7B/302//theVoid.302/302.5960-7658.FBpp0082964.p_exonerate	
FINISHED	302.maker.output/302_datastore/57/7B/302//theVoid.302/302.5960-7658.FBpp0082964.p_exonerate	
STARTED	302.maker.output/302_datastore/57/7B/302//theVoid.302/302.18914-19840.FBpp0078416.p_exonerate	
FINISHED	302.maker.output/302_datastore/57/7B/302//theVoid.302/302.18914-19840.FBpp0078416.p_exonerate	
STARTED	302.maker.output/302_datastore/57/7B/302//theVoid.302/302.15329-16085.FBpp0081149.p_exonerate	
FINISHED	302.maker.output/302_datastore/57/7B/302//theVoid.302/302.15329-16085.FBpp0081149.p_exonerate	
STARTED	302.maker.output/302_datastore/57/7B/302//theVoid.302/302.15329-16085.FBpp0081150.p_exonerate	
FINISHED	302.maker.output/302_datastore/57/7B/302//theVoid.302/302.15329-16085.FBpp0081150.p_exonerate	
STARTED	302.maker.output/302_datastore/57/7B/302//theVoid.302/9_0.9082-11487.fly.auto_annotator.augustus	
FINISHED	302.maker.output/302_datastore/57/7B/302//theVoid.302/9_0.9082-11487.fly.auto_annotator.augustus	
STARTED	302.maker.output/302_datastore/57/7B/302//theVoid.302/9_0.9082-11487.fly.auto_annotator.snap	
FINISHED	302.maker.output/302_datastore/57/7B/302//theVoid.302/9_0.9082-11487.fly.auto_annotator.snap	
STARTED	302.maker.output/302_datastore/57/7B/302//theVoid.302/10_0.12495-14572.fly.auto_annotator.augustus	
FINISHED	302.maker.output/302_datastore/57/7B/302//theVoid.302/10_0.12495-14572.fly.auto_annotator.augustus	
STARTED	302.maker.output/302_datastore/57/7B/302//theVoid.302/10_0.12495-14572.fly.auto_annotator.snap	
FINISHED	302.maker.output/302_datastore/57/7B/302//theVoid.302/10_0.12495-14572.fly.auto_annotator.snap	
STARTED	302.maker.output/302_datastore/57/7B/302//theVoid.302/11_0.5911-10547.fly.auto_annotator.augustus	
FINISHED	302.maker.output/302_datastore/57/7B/302//theVoid.302/11_0.5911-10547.fly.auto_annotator.augustus	
STARTED	302.maker.output/302_datastore/57/7B/302//theVoid.302/11_0.5911-10547.fly.auto_annotator.snap	
FINISHED	302.maker.output/302_datastore/57/7B/302//theVoid.302/11_0.5911-10547.fly.auto_annotator.snap	
STARTED	302.maker.output/302_datastore/57/7B/302//theVoid.302/12_0.11269-12532.fly.auto_annotator.augustus	
FINISHED	302.maker.output/302_datastore/57/7B/302//theVoid.302/12_0.11269-12532.fly.auto_annotator.augustus	
STARTED	302.maker.output/302_datastore/57/7B/302//theVoid.302/12_0.11269-12532.fly.auto_annotator.snap	
FINISHED	302.maker.output/302_datastore/57/7B/302//theVoid.302/12_0.11269-12532.fly.auto_annotator.snap	
STARTED	302.maker.output/302_datastore/57/7B/302//theVoid.302/13_0.15325-16085.fly.auto_annotator.augustus	
FINISHED	302.maker.output/302_datastore/57/7B/302//theVoid.302/13_0.15325-16085.fly.auto_annotator.augustus	
STARTED	302.maker.output/302_datastore/57/7B/302//theVoid.302/13_0.15325-16085.fly.auto_annotator.snap	
FINISHED	302.maker.output/302_datastore/57/7B/302//theVoid.302/13_0.15325-16085.fly.auto_annotator.snap	
STARTED	302.maker.output/302_datastore/57/7B/302//theVoid.302/14_0.18830-19840.fly.auto_annotator.augustus	
FINISHED	302.maker.output/302_datastore/57/7B/302//theVoid.302/14_0.18830-19840.fly.auto_annotator.augustus	
STARTED	302.maker.output/302_datastore/57/7B/302//theVoid.302/14_0.18830-19840.fly.auto_annotator.snap	
FINISHED	302.maker.output/302_datastore/57/7B/302//theVoid.302/14_0.18830-19840.fly.auto_annotator.snap	
