#-----Location of Executables Used by MAKER/EVALUATOR
makeblastdb=/home/genomica/Programs/maker/exe/blast/bin/makeblastdb #location of NCBI+ makeblastdb executable
blastn=/home/genomica/Programs/maker/exe/blast/bin/blastn #location of NCBI+ blastn executable
blastx=/home/genomica/Programs/maker/exe/blast/bin/blastx #location of NCBI+ blastx executable
tblastx=/home/genomica/Programs/maker/exe/blast/bin/tblastx #location of NCBI+ tblastx executable
formatdb= #location of NCBI formatdb executable
blastall= #location of NCBI blastall executable
xdformat= #location of WUBLAST xdformat executable
blasta= #location of WUBLAST blasta executable
RepeatMasker=/home/genomica/Programs/maker/exe/RepeatMasker/RepeatMasker #location of RepeatMasker executable
exonerate=/home/genomica/Programs/maker/exe/exonerate/bin/exonerate #location of exonerate executable

#-----Ab-initio Gene Prediction Algorithms
snap=/home/genomica/Programs/maker/exe/snap/snap #location of snap executable
gmhmme3= #location of eukaryotic genemark executable
gmhmmp= #location of prokaryotic genemark executable
augustus=/home/genomica/Programs/maker/exe/augustus/bin/augustus #location of augustus executable
fgenesh= #location of fgenesh executable

#-----Other Algorithms
fathom=/home/genomica/LabIntVGenomica/Programari/snap/fathom #location of fathom executable (experimental)
probuild= #location of probuild executable (required for genemark)
